This file contains any messages produced by compilers while
running configure, to aid debugging if configure makes a mistake.

It was created by onigmo configure 6.1.1, which was
generated by GNU Autoconf 2.69.  Invocation command line was

  $ ./configure 

## --------- ##
## Platform. ##
## --------- ##

hostname = b5.local
uname -m = x86_64
uname -r = 16.7.0
uname -s = Darwin
uname -v = Darwin Kernel Version 16.7.0: Wed Dec  6 20:55:07 PST 2017; root:xnu-3789.73.3~1/RELEASE_X86_64

/usr/bin/uname -p = i386
/bin/uname -X     = unknown

/bin/arch              = unknown
/usr/bin/arch -k       = unknown
/usr/convex/getsysinfo = unknown
/usr/bin/hostinfo      = Mach kernel version:
	 Darwin Kernel Version 16.7.0: Wed Dec  6 20:55:07 PST 2017; root:xnu-3789.73.3~1/RELEASE_X86_64
Kernel configured for up to 4 processors.
2 processors are physically available.
4 processors are logically available.
Processor type: x86_64h (Intel x86-64h Haswell)
Processors active: 0 1 2 3
Primary memory available: 16.00 gigabytes
Default processor set: 390 tasks, 1758 threads, 4 processors
Load average: 2.41, Mach factor: 1.58
/bin/machine           = unknown
/usr/bin/oslevel       = unknown
/bin/universe          = unknown

PATH: /usr/bin
PATH: /bin
PATH: /usr/sbin
PATH: /sbin
PATH: /usr/local/bin
PATH: /opt/X11/bin
PATH: /usr/local/share/dotnet
PATH: /usr/local/MacGPG2/bin
PATH: /Library/TeX/texbin


## ----------- ##
## Core tests. ##
## ----------- ##

configure:2428: checking for gcc
configure:2444: found /usr/bin/gcc
configure:2455: result: gcc
configure:2684: checking for C compiler version
configure:2693: gcc --version >&5
Apple LLVM version 9.0.0 (clang-900.0.39.2)
Target: x86_64-apple-darwin16.7.0
Thread model: posix
InstalledDir: /Library/Developer/CommandLineTools/usr/bin
Configured with: --prefix=/Library/Developer/CommandLineTools/usr --with-gxx-include-dir=/usr/include/c++/4.2.1
configure:2704: $? = 0
configure:2693: gcc -v >&5
Configured with: --prefix=/Library/Developer/CommandLineTools/usr --with-gxx-include-dir=/usr/include/c++/4.2.1
Apple LLVM version 9.0.0 (clang-900.0.39.2)
Target: x86_64-apple-darwin16.7.0
Thread model: posix
InstalledDir: /Library/Developer/CommandLineTools/usr/bin
configure:2704: $? = 0
configure:2693: gcc -V >&5
clang: error: argument to '-V' is missing (expected 1 value)
clang: error: no input files
configure:2704: $? = 1
configure:2693: gcc -qversion >&5
clang: error: unknown argument: '-qversion'
clang: error: no input files
configure:2704: $? = 1
configure:2724: checking whether the C compiler works
configure:2746: gcc    conftest.c  >&5
configure:2750: $? = 0
configure:2798: result: yes
configure:2801: checking for C compiler default output file name
configure:2803: result: a.out
configure:2809: checking for suffix of executables
configure:2816: gcc -o conftest    conftest.c  >&5
configure:2820: $? = 0
configure:2842: result: 
configure:2864: checking whether we are cross compiling
configure:2872: gcc -o conftest    conftest.c  >&5
configure:2876: $? = 0
configure:2883: ./conftest
configure:2887: $? = 0
configure:2902: result: no
configure:2907: checking for suffix of object files
configure:2929: gcc -c   conftest.c >&5
configure:2933: $? = 0
configure:2954: result: o
configure:2958: checking whether we are using the GNU C compiler
configure:2977: gcc -c   conftest.c >&5
configure:2977: $? = 0
configure:2986: result: yes
configure:2995: checking whether gcc accepts -g
configure:3015: gcc -c -g  conftest.c >&5
configure:3015: $? = 0
configure:3056: result: yes
configure:3073: checking for gcc option to accept ISO C89
configure:3136: gcc  -c -g -O2  conftest.c >&5
configure:3136: $? = 0
configure:3149: result: none needed
configure:3175: checking how to run the C preprocessor
configure:3206: gcc -E  conftest.c
configure:3206: $? = 0
configure:3220: gcc -E  conftest.c
conftest.c:10:10: fatal error: 'ac_nonexistent.h' file not found
#include <ac_nonexistent.h>
         ^~~~~~~~~~~~~~~~~~
1 error generated.
configure:3220: $? = 1
configure: failed program was:
| /* confdefs.h */
| #define PACKAGE_NAME "onigmo"
| #define PACKAGE_TARNAME "onigmo"
| #define PACKAGE_VERSION "6.1.1"
| #define PACKAGE_STRING "onigmo 6.1.1"
| #define PACKAGE_BUGREPORT ""
| #define PACKAGE_URL ""
| #define USE_TOKEN_THREADED_VM 0
| /* end confdefs.h.  */
| #include <ac_nonexistent.h>
configure:3245: result: gcc -E
configure:3265: gcc -E  conftest.c
configure:3265: $? = 0
configure:3279: gcc -E  conftest.c
conftest.c:10:10: fatal error: 'ac_nonexistent.h' file not found
#include <ac_nonexistent.h>
         ^~~~~~~~~~~~~~~~~~
1 error generated.
configure:3279: $? = 1
configure: failed program was:
| /* confdefs.h */
| #define PACKAGE_NAME "onigmo"
| #define PACKAGE_TARNAME "onigmo"
| #define PACKAGE_VERSION "6.1.1"
| #define PACKAGE_STRING "onigmo 6.1.1"
| #define PACKAGE_BUGREPORT ""
| #define PACKAGE_URL ""
| #define USE_TOKEN_THREADED_VM 0
| /* end confdefs.h.  */
| #include <ac_nonexistent.h>
configure:3308: checking for grep that handles long lines and -e
configure:3366: result: /usr/bin/grep
configure:3371: checking for egrep
configure:3433: result: /usr/bin/grep -E
configure:3438: checking for ANSI C header files
configure:3458: gcc -c -g -O2  conftest.c >&5
configure:3458: $? = 0
configure:3531: gcc -o conftest -g -O2   conftest.c  >&5
configure:3531: $? = 0
configure:3531: ./conftest
configure:3531: $? = 0
configure:3542: result: yes
configure:3555: checking for sys/types.h
configure:3555: gcc -c -g -O2  conftest.c >&5
configure:3555: $? = 0
configure:3555: result: yes
configure:3555: checking for sys/stat.h
configure:3555: gcc -c -g -O2  conftest.c >&5
configure:3555: $? = 0
configure:3555: result: yes
configure:3555: checking for stdlib.h
configure:3555: gcc -c -g -O2  conftest.c >&5
configure:3555: $? = 0
configure:3555: result: yes
configure:3555: checking for string.h
configure:3555: gcc -c -g -O2  conftest.c >&5
configure:3555: $? = 0
configure:3555: result: yes
configure:3555: checking for memory.h
configure:3555: gcc -c -g -O2  conftest.c >&5
configure:3555: $? = 0
configure:3555: result: yes
configure:3555: checking for strings.h
configure:3555: gcc -c -g -O2  conftest.c >&5
configure:3555: $? = 0
configure:3555: result: yes
configure:3555: checking for inttypes.h
configure:3555: gcc -c -g -O2  conftest.c >&5
configure:3555: $? = 0
configure:3555: result: yes
configure:3555: checking for stdint.h
configure:3555: gcc -c -g -O2  conftest.c >&5
configure:3555: $? = 0
configure:3555: result: yes
configure:3555: checking for unistd.h
configure:3555: gcc -c -g -O2  conftest.c >&5
configure:3555: $? = 0
configure:3555: result: yes
configure:3570: checking sys/time.h usability
configure:3570: gcc -c -g -O2  conftest.c >&5
configure:3570: $? = 0
configure:3570: result: yes
configure:3570: checking sys/time.h presence
configure:3570: gcc -E  conftest.c
configure:3570: $? = 0
configure:3570: result: yes
configure:3570: checking for sys/time.h
configure:3570: result: yes
configure:3570: checking for unistd.h
configure:3570: result: yes
configure:3570: checking sys/times.h usability
configure:3570: gcc -c -g -O2  conftest.c >&5
configure:3570: $? = 0
configure:3570: result: yes
configure:3570: checking sys/times.h presence
configure:3570: gcc -E  conftest.c
configure:3570: $? = 0
configure:3570: result: yes
configure:3570: checking for sys/times.h
configure:3570: result: yes
configure:3570: checking for stdint.h
configure:3570: result: yes
configure:3585: checking size of int
configure:3590: gcc -o conftest -g -O2   conftest.c  >&5
configure:3590: $? = 0
configure:3590: ./conftest
configure:3590: $? = 0
configure:3604: result: 4
configure:3618: checking size of short
configure:3623: gcc -o conftest -g -O2   conftest.c  >&5
configure:3623: $? = 0
configure:3623: ./conftest
configure:3623: $? = 0
configure:3637: result: 2
configure:3651: checking size of long
configure:3656: gcc -o conftest -g -O2   conftest.c  >&5
configure:3656: $? = 0
configure:3656: ./conftest
configure:3656: $? = 0
configure:3670: result: 8
configure:3684: checking size of void*
configure:3689: gcc -o conftest -g -O2   conftest.c  >&5
configure:3689: $? = 0
configure:3689: ./conftest
configure:3689: $? = 0
configure:3703: result: 8
configure:3717: checking size of long long
configure:3722: gcc -o conftest -g -O2   conftest.c  >&5
configure:3722: $? = 0
configure:3722: ./conftest
configure:3722: $? = 0
configure:3736: result: 8
configure:3746: checking for an ANSI C-conforming const
configure:3812: gcc -c -g -O2  conftest.c >&5
configure:3812: $? = 0
configure:3819: result: yes
configure:3827: checking whether time.h and sys/time.h may both be included
configure:3847: gcc -c -g -O2  conftest.c >&5
configure:3847: $? = 0
configure:3854: result: yes
configure:3863: checking for size_t
configure:3863: gcc -c -g -O2  conftest.c >&5
configure:3863: $? = 0
configure:3863: gcc -c -g -O2  conftest.c >&5
conftest.c:66:21: error: expected expression
if (sizeof ((size_t)))
                    ^
1 error generated.
configure:3863: $? = 1
configure: failed program was:
| /* confdefs.h */
| #define PACKAGE_NAME "onigmo"
| #define PACKAGE_TARNAME "onigmo"
| #define PACKAGE_VERSION "6.1.1"
| #define PACKAGE_STRING "onigmo 6.1.1"
| #define PACKAGE_BUGREPORT ""
| #define PACKAGE_URL ""
| #define USE_TOKEN_THREADED_VM 0
| #define STDC_HEADERS 1
| #define HAVE_SYS_TYPES_H 1
| #define HAVE_SYS_STAT_H 1
| #define HAVE_STDLIB_H 1
| #define HAVE_STRING_H 1
| #define HAVE_MEMORY_H 1
| #define HAVE_STRINGS_H 1
| #define HAVE_INTTYPES_H 1
| #define HAVE_STDINT_H 1
| #define HAVE_UNISTD_H 1
| #define HAVE_SYS_TIME_H 1
| #define HAVE_UNISTD_H 1
| #define HAVE_SYS_TIMES_H 1
| #define HAVE_STDINT_H 1
| #define SIZEOF_INT 4
| #define SIZEOF_SHORT 2
| #define SIZEOF_LONG 8
| #define SIZEOF_VOIDP 8
| #define SIZEOF_LONG_LONG 8
| #define TIME_WITH_SYS_TIME 1
| /* end confdefs.h.  */
| #include <stdio.h>
| #ifdef HAVE_SYS_TYPES_H
| # include <sys/types.h>
| #endif
| #ifdef HAVE_SYS_STAT_H
| # include <sys/stat.h>
| #endif
| #ifdef STDC_HEADERS
| # include <stdlib.h>
| # include <stddef.h>
| #else
| # ifdef HAVE_STDLIB_H
| #  include <stdlib.h>
| # endif
| #endif
| #ifdef HAVE_STRING_H
| # if !defined STDC_HEADERS && defined HAVE_MEMORY_H
| #  include <memory.h>
| # endif
| # include <string.h>
| #endif
| #ifdef HAVE_STRINGS_H
| # include <strings.h>
| #endif
| #ifdef HAVE_INTTYPES_H
| # include <inttypes.h>
| #endif
| #ifdef HAVE_STDINT_H
| # include <stdint.h>
| #endif
| #ifdef HAVE_UNISTD_H
| # include <unistd.h>
| #endif
| int
| main ()
| {
| if (sizeof ((size_t)))
| 	    return 0;
|   ;
|   return 0;
| }
configure:3863: result: yes
configure:3876: checking for working alloca.h
configure:3893: gcc -o conftest -g -O2   conftest.c  >&5
configure:3893: $? = 0
configure:3901: result: yes
configure:3909: checking for alloca
configure:3946: gcc -o conftest -g -O2   conftest.c  >&5
configure:3946: $? = 0
configure:3954: result: yes
configure:4060: checking for working memcmp
configure:4103: gcc -o conftest -g -O2   conftest.c  >&5
configure:4103: $? = 0
configure:4103: ./conftest
configure:4103: $? = 0
configure:4113: result: yes
configure:4238: creating ./config.status

## ---------------------- ##
## Running config.status. ##
## ---------------------- ##

This file was extended by onigmo config.status 6.1.1, which was
generated by GNU Autoconf 2.69.  Invocation command line was

  CONFIG_FILES    = 
  CONFIG_HEADERS  = 
  CONFIG_LINKS    = 
  CONFIG_COMMANDS = 
  $ ./config.status 

on b5.local

config.status:687: creating src/onig/config.h
config.status:777: src/onig/config.h is unchanged

## ---------------- ##
## Cache variables. ##
## ---------------- ##

ac_cv_c_compiler_gnu=yes
ac_cv_c_const=yes
ac_cv_env_CC_set=
ac_cv_env_CC_value=
ac_cv_env_CFLAGS_set=
ac_cv_env_CFLAGS_value=
ac_cv_env_CPPFLAGS_set=
ac_cv_env_CPPFLAGS_value=
ac_cv_env_CPP_set=
ac_cv_env_CPP_value=
ac_cv_env_LDFLAGS_set=
ac_cv_env_LDFLAGS_value=
ac_cv_env_LIBS_set=
ac_cv_env_LIBS_value=
ac_cv_env_build_alias_set=
ac_cv_env_build_alias_value=
ac_cv_env_host_alias_set=
ac_cv_env_host_alias_value=
ac_cv_env_target_alias_set=
ac_cv_env_target_alias_value=
ac_cv_func_alloca_works=yes
ac_cv_func_memcmp_working=yes
ac_cv_header_inttypes_h=yes
ac_cv_header_memory_h=yes
ac_cv_header_stdc=yes
ac_cv_header_stdint_h=yes
ac_cv_header_stdlib_h=yes
ac_cv_header_string_h=yes
ac_cv_header_strings_h=yes
ac_cv_header_sys_stat_h=yes
ac_cv_header_sys_time_h=yes
ac_cv_header_sys_times_h=yes
ac_cv_header_sys_types_h=yes
ac_cv_header_time=yes
ac_cv_header_unistd_h=yes
ac_cv_objext=o
ac_cv_path_EGREP='/usr/bin/grep -E'
ac_cv_path_GREP=/usr/bin/grep
ac_cv_prog_CPP='gcc -E'
ac_cv_prog_ac_ct_CC=gcc
ac_cv_prog_cc_c89=
ac_cv_prog_cc_g=yes
ac_cv_sizeof_int=4
ac_cv_sizeof_long=8
ac_cv_sizeof_long_long=8
ac_cv_sizeof_short=2
ac_cv_sizeof_voidp=8
ac_cv_type_size_t=yes
ac_cv_working_alloca_h=yes

## ----------------- ##
## Output variables. ##
## ----------------- ##

ALLOCA=''
CC='gcc'
CFLAGS='-g -O2'
CPP='gcc -E'
CPPFLAGS=''
DEFS='-DHAVE_CONFIG_H'
ECHO_C='\c'
ECHO_N=''
ECHO_T=''
EGREP='/usr/bin/grep -E'
EXEEXT=''
GREP='/usr/bin/grep'
LDFLAGS=''
LIBOBJS=''
LIBS=''
LTLIBOBJS=''
OBJEXT='o'
PACKAGE_BUGREPORT=''
PACKAGE_NAME='onigmo'
PACKAGE_STRING='onigmo 6.1.1'
PACKAGE_TARNAME='onigmo'
PACKAGE_URL=''
PACKAGE_VERSION='6.1.1'
PATH_SEPARATOR=':'
SHELL='/bin/sh'
STATISTICS=''
ac_ct_CC='gcc'
bindir='${exec_prefix}/bin'
build_alias=''
datadir='${datarootdir}'
datarootdir='${prefix}/share'
docdir='${datarootdir}/doc/${PACKAGE_TARNAME}'
dvidir='${docdir}'
exec_prefix='${prefix}'
host_alias=''
htmldir='${docdir}'
includedir='${prefix}/include'
infodir='${datarootdir}/info'
libdir='${exec_prefix}/lib'
libexecdir='${exec_prefix}/libexec'
localedir='${datarootdir}/locale'
localstatedir='${prefix}/var'
mandir='${datarootdir}/man'
oldincludedir='/usr/include'
pdfdir='${docdir}'
prefix='/usr/local'
program_transform_name='s,x,x,'
psdir='${docdir}'
sbindir='${exec_prefix}/sbin'
sharedstatedir='${prefix}/com'
sysconfdir='${prefix}/etc'
target_alias=''

## ----------- ##
## confdefs.h. ##
## ----------- ##

/* confdefs.h */
#define PACKAGE_NAME "onigmo"
#define PACKAGE_TARNAME "onigmo"
#define PACKAGE_VERSION "6.1.1"
#define PACKAGE_STRING "onigmo 6.1.1"
#define PACKAGE_BUGREPORT ""
#define PACKAGE_URL ""
#define USE_TOKEN_THREADED_VM 0
#define STDC_HEADERS 1
#define HAVE_SYS_TYPES_H 1
#define HAVE_SYS_STAT_H 1
#define HAVE_STDLIB_H 1
#define HAVE_STRING_H 1
#define HAVE_MEMORY_H 1
#define HAVE_STRINGS_H 1
#define HAVE_INTTYPES_H 1
#define HAVE_STDINT_H 1
#define HAVE_UNISTD_H 1
#define HAVE_SYS_TIME_H 1
#define HAVE_UNISTD_H 1
#define HAVE_SYS_TIMES_H 1
#define HAVE_STDINT_H 1
#define SIZEOF_INT 4
#define SIZEOF_SHORT 2
#define SIZEOF_LONG 8
#define SIZEOF_VOIDP 8
#define SIZEOF_LONG_LONG 8
#define TIME_WITH_SYS_TIME 1
#define HAVE_ALLOCA_H 1
#define HAVE_ALLOCA 1

configure: exit 0
